<?xml version="1.0" encoding="UTF-8"?>
<testng-results skipped="0" failed="0" ignored="0" total="1" passed="1">
  <reporter-output>
  </reporter-output>
  <suite name="Suite" duration-ms="67163" started-at="2019-11-05T07:28:08Z" finished-at="2019-11-05T07:29:15Z">
    <groups>
    </groups>
    <test name="Test" duration-ms="67163" started-at="2019-11-05T07:28:08Z" finished-at="2019-11-05T07:29:15Z">
      <class name="com.turktelekom.mobiletest.internet.BillsPageTest">
        <test-method status="PASS" signature="setUp()[pri:0, instance:com.turktelekom.mobiletest.internet.BillsPageTest@13805618]" name="setUp" is-config="true" duration-ms="31428" started-at="2019-11-05T10:28:08Z" finished-at="2019-11-05T10:28:39Z">
          <reporter-output>
          </reporter-output>
        </test-method> <!-- setUp -->
        <test-method status="PASS" signature="viewBill()[pri:0, instance:com.turktelekom.mobiletest.internet.BillsPageTest@13805618]" name="viewBill" duration-ms="35146" started-at="2019-11-05T10:28:39Z" finished-at="2019-11-05T10:29:14Z">
          <reporter-output>
          </reporter-output>
        </test-method> <!-- viewBill -->
        <test-method status="PASS" signature="tearDown()[pri:0, instance:com.turktelekom.mobiletest.internet.BillsPageTest@13805618]" name="tearDown" is-config="true" duration-ms="547" started-at="2019-11-05T10:29:14Z" finished-at="2019-11-05T10:29:15Z">
          <reporter-output>
          </reporter-output>
        </test-method> <!-- tearDown -->
      </class> <!-- com.turktelekom.mobiletest.internet.BillsPageTest -->
    </test> <!-- Test -->
  </suite> <!-- Suite -->
</testng-results>
